make all --print-data-base --no-builtin-variables --no-builtin-rules --question
# GNU Make 3.81
# Copyright (C) 2006  Free Software Foundation, Inc.
# This is free software; see the source for copying conditions.
# There is NO warranty; not even for MERCHANTABILITY or FITNESS FOR A
# PARTICULAR PURPOSE.

# This program built for i386-apple-darwin11.3.0
 
cat: /proc/1/cgroup: No such file or directory

the input device is not a TTY

make: *** No rule to make target `all'.  Stop.


# Make data base, printed on Mon Aug  1 08:28:26 2022

# Variables

# automatic
<D = $(patsubst %/,%,$(dir $<))
# automatic
?F = $(notdir $?)
# makefile (from `.env', line 7)
DB_HOST = host.docker.internal
# makefile (from `Makefile', line 16)
DOCKER_BRIDGE_HOST_IP := 
# automatic
?D = $(patsubst %/,%,$(dir $?))
# makefile (from `.env', line 5)
DB_INTERNAL_HTTP_PORT = 5432
# automatic
@D = $(patsubst %/,%,$(dir $@))
# automatic
@F = $(notdir $@)
# makefile
CURDIR := /Users/zowie/Desktop/projects/issue_tracker
# makefile
SHELL = /bin/sh
# makefile (from `Makefile', line 24)
BUILD_DATE := 2022-08-01 08:28:26+0900
# environment
VSCODE_NLS_CONFIG = {"locale":"en-us","availableLanguages":{},"_languagePackSupport":true}
# makefile (from `.env', line 14)
TZ = Asia/Tokyo
# environment
_ = /usr/bin/make
# makefile (from `.env', line 1)
MAKEFILE_LIST :=  Makefile .env
# makefile (from `.env', line 12)
SESSION_SECRET = youcannotgetme
# environment
__CFBundleIdentifier = com.microsoft.VSCode
# environment
INFOPATH = /opt/homebrew/share/info:
# makefile (from `Makefile', line 23)
BUILD_COMMIT := 2288a638bcbcfc02c7a1feb6a2258a7d0737c2cc-dirty
# environment
VSCODE_CWD = /
# environment
PATH = /opt/homebrew/opt/node@16/bin:/opt/homebrew/bin:/opt/homebrew/sbin:/usr/local/bin:/usr/bin:/bin:/usr/sbin:/sbin:/usr/local/go/bin:/Library/Apple/usr/bin:/Users/zowie/dev/flutter/bin
# makefile (from `Makefile', line 12)
DOCKER_ON_PROCESS := 
# makefile (from `Makefile', line 25)
DOCKER_COMPOSE_VARS := HOST_OS="Darwin" HOST_UID=501 HOST_GID=20 DOCKER_BRIDGE_HOST_IP="" BUILD_COMMIT="2288a638bcbcfc02c7a1feb6a2258a7d0737c2cc-dirty" BUILD_DATE="2022-08-01 08:28:26+0900"
# environment
ELECTRON_RUN_AS_NODE = 1
# default
.FEATURES := target-specific order-only second-expansion else-if archives jobserver check-symlink
# environment
SSH_AUTH_SOCK = /private/tmp/com.apple.launchd.klcE40jAqF/Listeners
# automatic
%F = $(notdir $%)
# environment
PWD = /Users/zowie/Desktop/projects/issue_tracker
# environment
HOMEBREW_CELLAR = /opt/homebrew/Cellar
# makefile (from `.env', line 10)
DB_PW = secret
# environment
ORIGINAL_XDG_CURRENT_DESKTOP = undefined
 
# environment
MANPATH = /opt/homebrew/share/man::
# environment
VSCODE_AMD_ENTRYPOINT = vs/workbench/api/node/extensionHostProcess
# environment
HOME = /Users/zowie
# default
MAKEFILEPATH := /Applications/Xcode.app/Contents/Developer/Makefiles
# makefile (from `Makefile', line 9)
HOST_GID := 20
# environment
VSCODE_CODE_CACHE_PATH = /Users/zowie/Library/Application Support/Code/CachedData/3b889b090b5ad5793f524b5d1d39fda662b96a2a
# environment
LOGNAME = zowie
# environment
APPLICATION_INSIGHTS_NO_DIAGNOSTIC_CHANNEL = 1
# environment
VSCODE_HANDLES_UNCAUGHT_ERRORS = true
# automatic
^D = $(patsubst %/,%,$(dir $^))
# environment
XPC_FLAGS = 0x0
# default
MAKE = $(MAKE_COMMAND)
# default
MAKECMDGOALS := all
# environment
SHLVL = 1
# makefile (from `Makefile', line 8)
HOST_UID := 501
# default
MAKE_VERSION := 3.81
# environment
USER = zowie
# makefile (from `Makefile', line 7)
HOST_OS := Darwin
# makefile
.DEFAULT_GOAL := hello
# automatic
%D = $(patsubst %/,%,$(dir $%))
# default
MAKE_COMMAND := /Applications/Xcode.app/Contents/Developer/usr/bin/make
# default
.VARIABLES := 
# environment
TMPDIR = /var/folders/ms/0pk8dq255bx2jndkj9p_grxc0000gn/T/
# makefile (from `.env', line 1)
API_EXPOSED_HTTP_PORT = 8080
# automatic
*F = $(notdir $*)
# environment
VSCODE_IPC_HOOK = /Users/zowie/Library/Application Support/Code/1.69.2-main.sock
# environment
MallocNanoZone = 0
# makefile
MAKEFLAGS = Rrqp
# environment
MFLAGS = -Rrqp
# automatic
*D = $(patsubst %/,%,$(dir $*))
# environment
XPC_SERVICE_NAME = application.com.microsoft.VSCode.4780063.4780069
# environment
HOMEBREW_PREFIX = /opt/homebrew
# automatic
+D = $(patsubst %/,%,$(dir $+))
# automatic
+F = $(notdir $+)
# environment
HOMEBREW_REPOSITORY = /opt/homebrew
# environment
__CF_USER_TEXT_ENCODING = 0x1F5:0x0:0x0
# environment
COMMAND_MODE = unix2003
# default
MAKEFILES := 
# automatic
<F = $(notdir $<)
# makefile (from `Makefile', line 4)
PROJECT_NAME := Issue Tracker Api
# makefile (from `.env', line 9)
DB_USER = istr
# environment
LC_ALL = C
# makefile (from `.env', line 2)
API_INTERNAL_HTTP_PORT = 8080
# automatic
^F = $(notdir $^)
# makefile (from `.env', line 8)
DB_NAME = issue_tracker
# makefile (from `.env', line 4)
DB_EXPOSED_HTTP_PORT = 5432
# default
SUFFIXES := 
# environment
MAKELEVEL := 0
# environment
LANG = C
# environment
VSCODE_PID = 585
# variable set hash-table stats:
# Load=81/1024=8%, Rehash=0, Collisions=2/141=1%

# Pattern-specific Variable Values

# No pattern-specific variable values.

# Directories

# . (device 16777230, inode 4778604): 17 files, no impossibilities.

# 17 files, no impossibilities in 1 directories.

# Implicit Rules

assert-param-%:
#  commands to execute (from `Makefile', line 42):
	@ if [ "${${*}}" = "" ]; then \
	echo "Error: running this target requires variable [$*] to be set" 1>&2 ; \
	exit 1 ; \
	fi
	

# 1 implicit rules, 0 (0.0%) terminal.

# Files

# Not a target:
all:
#  Command-line target.
#  Implicit rule search has been done.
 
#  File does not exist.
#  File has not been updated.
# variable set hash-table stats:
# Load=0/32=0%, Rehash=0, Collisions=0/0=0%

.PHONY: hello
#  Implicit rule search has not been done.
#  Modification time never checked.
#  File has not been updated.

up:
#  Implicit rule search has not been done.
#  Modification time never checked.
#  File has not been updated.
#  commands to execute (from `Makefile', line 66):
	$(DOCKER_COMPOSE_VARS) docker-compose up -d
	

# Not a target:
.SUFFIXES:
#  Implicit rule search has not been done.
#  Modification time never checked.
#  File has not been updated.

# Not a target:
Makefile:
#  Implicit rule search has been done.
#  Last modified 2022-07-29 20:34:31
#  File has been updated.
#  Successfully updated.
# variable set hash-table stats:
# Load=0/32=0%, Rehash=0, Collisions=0/0=0%

start:
#  Implicit rule search has not been done.
#  Modification time never checked.
#  File has not been updated.
#  commands to execute (from `Makefile', line 54):
	$(DOCKER_COMPOSE_VARS) docker-compose up --abort-on-container-exit
	

rebuild:
#  Implicit rule search has not been done.
#  Modification time never checked.
#  File has not been updated.
#  commands to execute (from `Makefile', line 70):
	$(DOCKER_COMPOSE_VARS) docker-compose up -d --force-recreate --build
	

hello:
#  Phony target (prerequisite of .PHONY).
#  Implicit rule search has not been done.
#  File does not exist.
#  File has not been updated.
#  commands to execute (from `Makefile', line 32):
	echo "Welcome to the $(PROJECT_NAME) make system running on $(HOST_OS)!\n\
	The configuration variables were detected as follows:\n\
	- HOST_UID=$(HOST_UID)\n\
	- HOST_GID=$(HOST_GID)\n\
	- DOCKER_BRIDGE_HOST_IP=$(DOCKER_BRIDGE_HOST_IP)\n\
	- DOCKER_TEST=$(DOCKER_TEST)\n\
	- BUILD_COMMIT=$(BUILD_COMMIT)\n\
	- BUILD_DATE=$(BUILD_DATE)\n"
	

# Not a target:
.env:
#  Implicit rule search has been done.
#  Last modified 2022-07-30 00:07:03
#  File has been updated.
#  Successfully updated.
# variable set hash-table stats:
# Load=0/32=0%, Rehash=0, Collisions=0/0=0%

.SILENT: hello
#  Implicit rule search has not been done.
#  Modification time never checked.
#  File has not been updated.

# Not a target:
.DEFAULT:
#  Implicit rule search has not been done.
#  Modification time never checked.
#  File has not been updated.

reset: down rebuild
#  Implicit rule search has not been done.
#  Modification time never checked.
#  File has not been updated.

restart:
#  Implicit rule search has not been done.
#  Modification time never checked.
#  File has not been updated.
#  commands to execute (from `Makefile', line 62):
	$(DOCKER_COMPOSE_VARS) docker-compose up --force-recreate --build --abort-on-container-exit
	

remove-volumes:
#  Implicit rule search has not been done.
#  Modification time never checked.
#  File has not been updated.
#  commands to execute (from `Makefile', line 85):
	docker rm -f -v issue_tracker_psql
	

bash-postgres:
#  Implicit rule search has not been done.
#  Modification time never checked.
#  File has not been updated.
#  commands to execute (from `Makefile', line 82):
	docker exec -it issue_tracker_psql psql -U istr issue_tracker
	

cc:
#  Implicit rule search has not been done.
#  Modification time never checked.
#  File has not been updated.
#  commands to execute (from `Makefile', line 58):
	$(DOCKER_COMPOSE_VARS) docker-compose build --no-cache
	

ash-app:
#  Implicit rule search has not been done.
#  Modification time never checked.
#  File has not been updated.
#  commands to execute (from `Makefile', line 79):
	docker exec -it issue_tracker_api /bin/ash
	

down:
#  Implicit rule search has not been done.
#  Modification time never checked.
#  File has not been updated.
#  commands to execute (from `Makefile', line 74):
	$(DOCKER_COMPOSE_VARS) docker-compose down
	

# files hash-table stats:
# Load=18/1024=2%, Rehash=0, Collisions=0/35=0%
# VPATH Search Paths

# No `vpath' search paths.

# No general (`VPATH' variable) search path.

# # of strings in strcache: 2
# # of strcache buffers: 1
# strcache size: total = 4096 / max = 4096 / min = 4096 / avg = 4096
# strcache free: total = 4082 / max = 4082 / min = 4082 / avg = 4082

# Finished Make data base on Mon Aug  1 08:28:26 2022

 
